-------------------------------------------------------------------------------
Test set: com.adore96.ReactBackEnd.ReactBackEndApplicationTests
-------------------------------------------------------------------------------
Tests run: 1, Failures: 0, Errors: 1, Skipped: 0, Time elapsed: 4.165 s <<< FAILURE! - in com.adore96.ReactBackEnd.ReactBackEndApplicationTests
contextLoads  Time elapsed: 0.001 s  <<< ERROR!
java.lang.IllegalStateException: Failed to load ApplicationContext
Caused by: org.springframework.beans.factory.UnsatisfiedDependencyException: Error creating bean with name 'itemController': Unsatisfied dependency expressed through field 'stockRepository'; nested exception is org.springframework.beans.factory.BeanCreationException: Error creating bean with name 'stockRepository' defined in com.adore96.ReactBackEnd.repository.StockRepository defined in @EnableJpaRepositories declared on JpaRepositoriesRegistrar.EnableJpaRepositoriesConfiguration: Invocation of init method failed; nested exception is java.lang.IllegalArgumentException: Failed to create query for method public abstract java.util.Optional com.adore96.ReactBackEnd.repository.StockRepository.findByStockid_fk(java.lang.Integer)! No property stockid found for type StockEntity!
Caused by: org.springframework.beans.factory.BeanCreationException: Error creating bean with name 'stockRepository' defined in com.adore96.ReactBackEnd.repository.StockRepository defined in @EnableJpaRepositories declared on JpaRepositoriesRegistrar.EnableJpaRepositoriesConfiguration: Invocation of init method failed; nested exception is java.lang.IllegalArgumentException: Failed to create query for method public abstract java.util.Optional com.adore96.ReactBackEnd.repository.StockRepository.findByStockid_fk(java.lang.Integer)! No property stockid found for type StockEntity!
Caused by: java.lang.IllegalArgumentException: Failed to create query for method public abstract java.util.Optional com.adore96.ReactBackEnd.repository.StockRepository.findByStockid_fk(java.lang.Integer)! No property stockid found for type StockEntity!
Caused by: org.springframework.data.mapping.PropertyReferenceException: No property stockid found for type StockEntity!

