-------------------------------------------------------------------------------
Test set: com.adore96.ReactBackEnd.ReactBackEndApplicationTests
-------------------------------------------------------------------------------
Tests run: 1, Failures: 0, Errors: 1, Skipped: 0, Time elapsed: 4.11 s <<< FAILURE! - in com.adore96.ReactBackEnd.ReactBackEndApplicationTests
contextLoads  Time elapsed: 0.001 s  <<< ERROR!
java.lang.IllegalStateException: Failed to load ApplicationContext
Caused by: org.springframework.beans.factory.UnsatisfiedDependencyException: Error creating bean with name 'itemController': Unsatisfied dependency expressed through field 'supplierRepository'; nested exception is org.springframework.beans.factory.BeanCreationException: Error creating bean with name 'supplierRepository' defined in com.adore96.ReactBackEnd.repository.SupplierRepository defined in @EnableJpaRepositories declared on JpaRepositoriesRegistrar.EnableJpaRepositoriesConfiguration: Invocation of init method failed; nested exception is java.lang.IllegalArgumentException: Failed to create query for method public abstract java.util.Optional com.adore96.ReactBackEnd.repository.SupplierRepository.findByStockidfk(java.lang.Integer)! No property stockidfk found for type SupplierEntity!
Caused by: org.springframework.beans.factory.BeanCreationException: Error creating bean with name 'supplierRepository' defined in com.adore96.ReactBackEnd.repository.SupplierRepository defined in @EnableJpaRepositories declared on JpaRepositoriesRegistrar.EnableJpaRepositoriesConfiguration: Invocation of init method failed; nested exception is java.lang.IllegalArgumentException: Failed to create query for method public abstract java.util.Optional com.adore96.ReactBackEnd.repository.SupplierRepository.findByStockidfk(java.lang.Integer)! No property stockidfk found for type SupplierEntity!
Caused by: java.lang.IllegalArgumentException: Failed to create query for method public abstract java.util.Optional com.adore96.ReactBackEnd.repository.SupplierRepository.findByStockidfk(java.lang.Integer)! No property stockidfk found for type SupplierEntity!
Caused by: org.springframework.data.mapping.PropertyReferenceException: No property stockidfk found for type SupplierEntity!

